{
  "stats": {
    "suites": 1,
    "tests": 1,
    "passes": 1,
    "pending": 0,
    "failures": 0,
    "start": "2022-04-13T14:02:42.259Z",
    "end": "2022-04-13T14:02:48.544Z",
    "duration": 6285,
    "testsRegistered": 1,
    "passPercent": 100,
    "pendingPercent": 0,
    "other": 0,
    "hasOther": false,
    "skipped": 0,
    "hasSkipped": false
  },
  "results": [
    {
      "uuid": "26b6f3c3-e2dd-40e9-b8d0-6851a32093d7",
      "title": "",
      "fullFile": "cypress/integration/dataValidation.spec.js",
      "file": "cypress/integration/dataValidation.spec.js",
      "beforeHooks": [],
      "afterHooks": [],
      "tests": [],
      "suites": [
        {
          "uuid": "79696854-a7a4-4bb4-b084-1d136e522f4e",
          "title": "Data Validation",
          "fullFile": "",
          "file": "",
          "beforeHooks": [],
          "afterHooks": [],
          "tests": [
            {
              "title": "Data Validation Test",
              "fullTitle": "Data Validation Data Validation Test",
              "timedOut": null,
              "duration": 5933,
              "state": "passed",
              "speed": "slow",
              "pass": true,
              "fail": false,
              "pending": false,
              "context": null,
              "code": "var accelerated = 'No'; //Validate landing page is displayed\n_index.homePage.ValidateLandingPage(); //Input test data and calculate \n\n_index.homePage.inputValues(_test_data.mortgage.mortgageAmount, _test_data.mortgage.interestRate, _test_data.mortgage.mortgagePayment, _test_data.mortgage.paymentFrequency, accelerated, _test_data.mortgage.lumpsumPayment, _test_data.mortgage.lumpsumPaymentPeriod, _test_data.mortgage.mortgagePaymentIncrease, _test_data.mortgage.mortgagePaymentIncreasePeriod); //validate results populated\n\n_index.homePage.isResultPopulated(AMORTYEAR, AMORTMONTH, SAVING); //Click on compute Amortization \n\ncy.intercept('GET', '/Content/**').as('compute');\ncy.get('input[value=\"Compute Amortization Schedule\"]').click();\ncy.wait('@compute').its('response.statusCode').should('eq', 200); // validate interactive Amortization schedule and inputs\n_index.interactivePage.ValidateLandingPage();\n_index.interactivePage.validateInputs(_test_data.mortgage.mortgageAmount, _test_data.mortgage.interestRate, _test_data.mortgage.mortgagePayment, _test_data.mortgage.paymentFrequency);",
              "err": {},
              "uuid": "9bc445a9-2520-434e-9d6c-9e0381654451",
              "parentUUID": "79696854-a7a4-4bb4-b084-1d136e522f4e",
              "isHook": false,
              "skipped": false
            }
          ],
          "suites": [],
          "passes": [
            "9bc445a9-2520-434e-9d6c-9e0381654451"
          ],
          "failures": [],
          "pending": [],
          "skipped": [],
          "duration": 5933,
          "root": false,
          "rootEmpty": false,
          "_timeout": 2000
        }
      ],
      "passes": [],
      "failures": [],
      "pending": [],
      "skipped": [],
      "duration": 0,
      "root": true,
      "rootEmpty": true,
      "_timeout": 2000
    }
  ],
  "meta": {
    "mocha": {
      "version": "7.0.1"
    },
    "mochawesome": {
      "options": {
        "quiet": false,
        "reportFilename": "mochawesome",
        "saveHtml": false,
        "saveJson": true,
        "consoleReporter": "spec",
        "useInlineDiffs": false,
        "code": true
      },
      "version": "6.3.1"
    },
    "marge": {
      "options": {
        "id": "default",
        "reportDir": "cypress/reports/.jsons",
        "charts": true,
        "reportPageTitle": "My Test Suite",
        "embeddedScreenshots": true,
        "inlineAssets": true,
        "overwrite": false,
        "html": false,
        "json": true
      },
      "version": "5.2.0"
    }
  }
}